C:\USERS\MIR\DESKTOP\CHATTING\SERVER\DEBUG\SERVER.EXE
C:\USERS\MIR\DESKTOP\CHATTING\SERVER\DEBUG\SERVER.ILK
C:\USERS\MIR\DESKTOP\CHATTING\SERVER\DEBUG\SERVER.PDB
C:\USERS\MIR\DESKTOP\CHATTING\SERVER\SERVER\DEBUG\SERVER.EXE.EMBED.MANIFEST
C:\USERS\MIR\DESKTOP\CHATTING\SERVER\SERVER\DEBUG\SERVER.EXE.EMBED.MANIFEST.RES
C:\USERS\MIR\DESKTOP\CHATTING\SERVER\SERVER\DEBUG\SERVER.EXE.INTERMEDIATE.MANIFEST
C:\USERS\MIR\DESKTOP\CHATTING\SERVER\SERVER\DEBUG\SERVER.OBJ
C:\USERS\MIR\DESKTOP\CHATTING\SERVER\SERVER\DEBUG\VC100.PDB
C:\Users\mir\Desktop\server\Debug\server.exe
C:\Users\mir\Desktop\server\Debug\server.ilk
C:\Users\mir\Desktop\server\Debug\server.pdb
C:\Users\mir\Desktop\server\server\Debug\cl.command.1.tlog
C:\Users\mir\Desktop\server\server\Debug\CL.read.1.tlog
C:\Users\mir\Desktop\server\server\Debug\CL.write.1.tlog
C:\Users\mir\Desktop\server\server\Debug\link.9828.read.1.tlog
C:\Users\mir\Desktop\server\server\Debug\link.9828.write.1.tlog
C:\Users\mir\Desktop\server\server\Debug\link.9828-cvtres.read.1.tlog
C:\Users\mir\Desktop\server\server\Debug\link.9828-cvtres.write.1.tlog
C:\Users\mir\Desktop\server\server\Debug\link.command.1.tlog
C:\Users\mir\Desktop\server\server\Debug\link.read.1.tlog
C:\Users\mir\Desktop\server\server\Debug\link.write.1.tlog
C:\Users\mir\Desktop\server\server\Debug\link-cvtres.read.1.tlog
C:\Users\mir\Desktop\server\server\Debug\link-cvtres.write.1.tlog
C:\Users\mir\Desktop\server\server\Debug\mt.command.1.tlog
C:\Users\mir\Desktop\server\server\Debug\mt.read.1.tlog
C:\Users\mir\Desktop\server\server\Debug\mt.write.1.tlog
C:\Users\mir\Desktop\server\server\Debug\rc.command.1.tlog
C:\Users\mir\Desktop\server\server\Debug\rc.read.1.tlog
C:\Users\mir\Desktop\server\server\Debug\rc.write.1.tlog
C:\Users\mir\Desktop\server\server\Debug\server.exe.embed.manifest
C:\Users\mir\Desktop\server\server\Debug\server.exe.embed.manifest.res
C:\Users\mir\Desktop\server\server\Debug\server.exe.intermediate.manifest
C:\Users\mir\Desktop\server\server\Debug\server.obj
C:\Users\mir\Desktop\server\server\Debug\server.vcxprojResolveAssemblyReference.cache
C:\Users\mir\Desktop\server\server\Debug\server.write.1.tlog
C:\Users\mir\Desktop\server\server\Debug\server_manifest.rc
C:\Users\mir\Desktop\server\server\Debug\vc100.idb
C:\Users\mir\Desktop\server\server\Debug\vc100.pdb
