c:\users\mir\desktop\clinet\clinet\debug\client.obj
c:\users\mir\desktop\clinet\clinet\debug\vc100.pdb
c:\users\mir\desktop\clinet\debug\clinet.ilk
c:\users\mir\desktop\clinet\debug\clinet.exe
c:\users\mir\desktop\clinet\clinet\debug\clinet.exe.intermediate.manifest
c:\users\mir\desktop\clinet\debug\clinet.pdb
c:\users\mir\desktop\clinet\clinet\debug\clinet.exe.embed.manifest
c:\users\mir\desktop\clinet\clinet\debug\clinet.exe.embed.manifest.res
c:\users\mir\documents\github\simplechatting\simplechatting_v1_0\clinet\clinet\debug\clinet.vcxprojresolveassemblyreference.cache
c:\users\mir\documents\github\simplechatting\simplechatting_v1_0\clinet\clinet\debug\cl.command.1.tlog
c:\users\mir\documents\github\simplechatting\simplechatting_v1_0\clinet\clinet\debug\cl.read.1.tlog
c:\users\mir\documents\github\simplechatting\simplechatting_v1_0\clinet\clinet\debug\cl.write.1.tlog
c:\users\mir\documents\github\simplechatting\simplechatting_v1_0\clinet\clinet\debug\clinet.write.1.tlog
c:\users\mir\documents\github\simplechatting\simplechatting_v1_0\clinet\clinet\debug\link-cvtres.read.1.tlog
c:\users\mir\documents\github\simplechatting\simplechatting_v1_0\clinet\clinet\debug\link-cvtres.write.1.tlog
c:\users\mir\documents\github\simplechatting\simplechatting_v1_0\clinet\clinet\debug\link.892-cvtres.read.1.tlog
c:\users\mir\documents\github\simplechatting\simplechatting_v1_0\clinet\clinet\debug\link.892-cvtres.write.1.tlog
c:\users\mir\documents\github\simplechatting\simplechatting_v1_0\clinet\clinet\debug\link.892.read.1.tlog
c:\users\mir\documents\github\simplechatting\simplechatting_v1_0\clinet\clinet\debug\link.892.write.1.tlog
c:\users\mir\documents\github\simplechatting\simplechatting_v1_0\clinet\clinet\debug\link.command.1.tlog
c:\users\mir\documents\github\simplechatting\simplechatting_v1_0\clinet\clinet\debug\link.read.1.tlog
c:\users\mir\documents\github\simplechatting\simplechatting_v1_0\clinet\clinet\debug\link.write.1.tlog
c:\users\mir\documents\github\simplechatting\simplechatting_v1_0\clinet\clinet\debug\mt.command.1.tlog
c:\users\mir\documents\github\simplechatting\simplechatting_v1_0\clinet\clinet\debug\mt.read.1.tlog
c:\users\mir\documents\github\simplechatting\simplechatting_v1_0\clinet\clinet\debug\mt.write.1.tlog
c:\users\mir\documents\github\simplechatting\simplechatting_v1_0\clinet\clinet\debug\rc.command.1.tlog
c:\users\mir\documents\github\simplechatting\simplechatting_v1_0\clinet\clinet\debug\rc.read.1.tlog
c:\users\mir\documents\github\simplechatting\simplechatting_v1_0\clinet\clinet\debug\rc.write.1.tlog
c:\users\mir\documents\github\simplechatting\simplechatting_v1_0\clinet\clinet\debug\clinet.exe.embed.manifest
c:\users\mir\documents\github\simplechatting\simplechatting_v1_0\clinet\clinet\debug\clinet.exe.intermediate.manifest
c:\users\mir\documents\github\simplechatting\simplechatting_v1_0\clinet\clinet\debug\clinet.exe.embed.manifest.res
c:\users\mir\documents\github\simplechatting\simplechatting_v1_0\clinet\clinet\debug\vc100.idb
c:\users\mir\documents\github\simplechatting\simplechatting_v1_0\clinet\clinet\debug\vc100.pdb
c:\users\mir\documents\github\simplechatting\simplechatting_v1_0\clinet\clinet\debug\clinet_manifest.rc
c:\users\mir\documents\github\simplechatting\simplechatting_v1_0\clinet\debug\clinet.pdb
c:\users\mir\documents\github\simplechatting\simplechatting_v1_0\clinet\debug\clinet.ilk
